\BOOKMARK [1][-]{section.1}{\376\377\000V\000i\000s\000i\000\363\000n\000\040\000G\000e\000n\000e\000r\000a\000l\000\040\000d\000e\000\040\000l\000a\000\040\000A\000p\000l\000i\000c\000a\000c\000i\000\363\000n\000\040\000R\000e\000D\000s}{}% 1
\BOOKMARK [1][-]{section.2}{\376\377\000M\000\363\000d\000u\000l\000o\000\040\000R\000e\000D\000s\000\040\000-\000\040\000R\000e\000c\000o\000n\000s\000t\000r\000u\000c\000c\000i\000\363\000n\000\040\000d\000e\000\040\000R\000e\000c\000e\000p\000t\000o\000r\000e\000s\000\040\000\050\000R\000R\000\051}{}% 2
\BOOKMARK [2][-]{subsection.2.1}{\376\377\000M\000o\000d\000o\000\040\000S\000e\000n\000c\000i\000l\000l\000o}{section.2}% 3
\BOOKMARK [3][-]{subsubsection.2.1.1}{\376\377\000L\000e\000c\000t\000u\000r\000a\000\040\000d\000e\000\040\000D\000a\000t\000o\000s}{subsection.2.1}% 4
\BOOKMARK [3][-]{subsubsection.2.1.2}{\376\377\000A\000l\000g\000o\000r\000i\000t\000m\000o\000s}{subsection.2.1}% 5
\BOOKMARK [3][-]{subsubsection.2.1.3}{\376\377\000S\000u\000b\000m\000u\000e\000s\000t\000r\000e\000o}{subsection.2.1}% 6
\BOOKMARK [3][-]{subsubsection.2.1.4}{\376\377\000E\000x\000p\000e\000r\000i\000m\000e\000n\000t\000o\000s}{subsection.2.1}% 7
\BOOKMARK [3][-]{subsubsection.2.1.5}{\376\377\000V\000i\000s\000u\000a\000l\000i\000z\000a\000c\000i\000\363\000n\000\040\000d\000e\000\040\000R\000e\000s\000u\000l\000t\000a\000d\000o\000s\000\040\000d\000e\000\040\000D\000a\000t\000o\000s\000\040\000C\000o\000m\000p\000l\000e\000t\000o\000s}{subsection.2.1}% 8
\BOOKMARK [3][-]{subsubsection.2.1.6}{\376\377\000V\000i\000s\000u\000a\000l\000i\000z\000a\000c\000i\000\363\000n\000\040\000d\000e\000\040\000R\000e\000s\000u\000l\000t\000a\000d\000o\000s\000\040\000d\000e\000\040\000D\000a\000t\000o\000s\000\040\000I\000n\000c\000o\000m\000p\000l\000e\000t\000o\000s}{subsection.2.1}% 9
\BOOKMARK [2][-]{subsection.2.2}{\376\377\000M\000o\000d\000o\000\040\000A\000j\000u\000s\000t\000e\000\040\000d\000e\000\040\000p\000a\000r\000\341\000m\000e\000t\000r\000o\000s}{section.2}% 10
\BOOKMARK [3][-]{subsubsection.2.2.1}{\376\377\000C\000o\000n\000f\000i\000g\000u\000r\000a\000c\000i\000o\000n\000e\000s}{subsection.2.2}% 11
\BOOKMARK [3][-]{subsubsection.2.2.2}{\376\377\000A\000j\000u\000s\000t\000e\000\040\000d\000e\000\040\000P\000a\000r\000\341\000m\000e\000t\000r\000o\000s\000\040\000d\000e\000\040\000D\000a\000t\000o\000s\000\040\000I\000n\000c\000o\000m\000p\000l\000e\000t\000o\000s}{subsection.2.2}% 12
\BOOKMARK [2][-]{subsection.2.3}{\376\377\000M\000o\000d\000o\000\040\000C\000o\000m\000p\000a\000r\000a\000c\000i\000\363\000n\000\040\000d\000e\000\040\000A\000l\000g\000o\000r\000i\000t\000m\000o\000s}{section.2}% 13
\BOOKMARK [3][-]{subsubsection.2.3.1}{\376\377\000C\000o\000n\000f\000i\000g\000u\000r\000a\000c\000i\000o\000n\000e\000s}{subsection.2.3}% 14
\BOOKMARK [3][-]{subsubsection.2.3.2}{\376\377\000C\000o\000m\000p\000a\000r\000a\000c\000i\000\363\000n\000\040\000d\000e\000\040\000A\000l\000g\000o\000r\000i\000t\000m\000o\000s\000\040\000d\000e\000\040\000D\000a\000t\000o\000s\000\040\000I\000n\000c\000o\000m\000p\000l\000e\000t\000o\000s}{subsection.2.3}% 15
\BOOKMARK [2][-]{subsection.2.4}{\376\377\000V\000i\000s\000u\000a\000l\000i\000z\000a\000c\000i\000\363\000n\000\040\000g\000e\000n\000e\000r\000a\000l\000\040\000d\000e\000\040\000R\000e\000s\000u\000l\000t\000a\000d\000o\000s}{section.2}% 16
\BOOKMARK [3][-]{subsubsection.2.4.1}{\376\377\000M\000e\000n\000\372\000\040\000p\000r\000i\000n\000c\000i\000p\000a\000l}{subsection.2.4}% 17
\BOOKMARK [3][-]{subsubsection.2.4.2}{\376\377\000M\000e\000n\000\372\000\040\000d\000e\000\040\000a\000j\000u\000s\000t\000e\000\040\000d\000e\000\040\000p\000a\000r\000\341\000m\000e\000t\000r\000o\000s}{subsection.2.4}% 18
\BOOKMARK [3][-]{subsubsection.2.4.3}{\376\377\000M\000e\000n\000\372\000\040\000d\000e\000\040\000c\000o\000m\000p\000a\000r\000a\000c\000i\000\363\000n\000\040\000d\000e\000\040\000a\000l\000g\000o\000r\000i\000t\000m\000o\000s}{subsection.2.4}% 19
\BOOKMARK [1][-]{section.3}{\376\377\000M\000\363\000d\000u\000l\000o\000\040\000R\000e\000D\000s\000\040\000-\000\040\000R\000e\000c\000o\000n\000s\000t\000r\000u\000c\000c\000i\000\363\000n\000\040\000d\000e\000\040\000D\000i\000s\000p\000a\000r\000o\000s\000\040\000\050\000R\000D\000\051}{}% 20
\BOOKMARK [2][-]{subsection.3.1}{\376\377\000L\000e\000c\000t\000u\000r\000a\000\040\000d\000e\000\040\000D\000a\000t\000o\000s}{section.3}% 21
\BOOKMARK [2][-]{subsection.3.2}{\376\377\000A\000l\000g\000o\000r\000i\000t\000m\000o\000s}{section.3}% 22
\BOOKMARK [2][-]{subsection.3.3}{\376\377\000S\000u\000b\000m\000u\000e\000s\000t\000r\000e\000o}{section.3}% 23
\BOOKMARK [2][-]{subsection.3.4}{\376\377\000E\000x\000p\000e\000r\000i\000m\000e\000n\000t\000o\000s}{section.3}% 24
\BOOKMARK [3][-]{subsubsection.3.4.1}{\376\377\000V\000i\000s\000u\000a\000l\000i\000z\000a\000c\000i\000\363\000n\000\040\000d\000e\000\040\000R\000e\000s\000u\000l\000t\000a\000d\000o\000s\000\040\000d\000e\000\040\000D\000a\000t\000o\000s\000\040\000C\000o\000m\000p\000l\000e\000t\000o\000s}{subsection.3.4}% 25
\BOOKMARK [1][-]{section.4}{\376\377\000A\000c\000e\000r\000c\000a\000\040\000d\000e}{}% 26
\BOOKMARK [1][-]{section.5}{\376\377\000R\000e\000c\000o\000m\000e\000n\000d\000a\000c\000i\000o\000n\000e\000s\000\040\000d\000e\000\040\000u\000s\000o}{}% 27
