\BOOKMARK [1][-]{section.1}{\376\377\000V\000i\000s\000i\000\363\000n\000\040\000G\000e\000n\000e\000r\000a\000l\000\040\000d\000e\000\040\000l\000a\000\040\000A\000p\000l\000i\000c\000a\000c\000i\000\363\000n\000\040\000R\000e\000D\000s}{}% 1
\BOOKMARK [1][-]{section.2}{\376\377\000M\000e\000n\000\372\000\040\000P\000r\000i\000n\000c\000i\000p\000a\000l}{}% 2
\BOOKMARK [2][-]{subsection.2.1}{\376\377\000L\000e\000c\000t\000u\000r\000a\000\040\000d\000e\000\040\000D\000a\000t\000o\000s}{section.2}% 3
\BOOKMARK [2][-]{subsection.2.2}{\376\377\000A\000l\000g\000o\000r\000i\000t\000m\000o\000s}{section.2}% 4
\BOOKMARK [2][-]{subsection.2.3}{\376\377\000S\000u\000b\000m\000u\000e\000s\000t\000r\000e\000o}{section.2}% 5
\BOOKMARK [2][-]{subsection.2.4}{\376\377\000E\000x\000p\000e\000r\000i\000m\000e\000n\000t\000o\000s}{section.2}% 6
\BOOKMARK [3][-]{subsubsection.2.4.1}{\376\377\000R\000e\000a\000l\000i\000z\000a\000n\000d\000o\000\040\000u\000n\000\040\000e\000x\000p\000e\000r\000i\000m\000e\000n\000t\000o}{subsection.2.4}% 7
\BOOKMARK [2][-]{subsection.2.5}{\376\377\000V\000i\000s\000u\000a\000l\000i\000z\000a\000c\000i\000\363\000n\000\040\000d\000e\000\040\000R\000e\000s\000u\000l\000t\000a\000d\000o\000s}{section.2}% 8
\BOOKMARK [3][-]{subsubsection.2.5.1}{\376\377\000R\000e\000n\000d\000i\000m\000i\000e\000n\000t\000o}{subsection.2.5}% 9
\BOOKMARK [3][-]{subsubsection.2.5.2}{\376\377\000R\000e\000c\000o\000n\000s\000t\000r\000u\000c\000c\000i\000\363\000n\000\040\000d\000e\000\040\000T\000r\000a\000z\000a\000s}{subsection.2.5}% 10
\BOOKMARK [1][-]{section.3}{\376\377\000A\000j\000u\000s\000t\000e\000\040\000d\000e\000\040\000p\000a\000r\000\341\000m\000e\000t\000r\000o\000s}{}% 11
\BOOKMARK [2][-]{subsection.3.1}{\376\377\000C\000o\000n\000f\000i\000g\000u\000r\000a\000c\000i\000o\000n\000e\000s}{section.3}% 12
\BOOKMARK [3][-]{subsubsection.3.1.1}{\376\377\000R\000e\000a\000l\000i\000z\000a\000n\000d\000o\000\040\000u\000n\000\040\000a\000j\000u\000s\000t\000e\000\040\000d\000e\000\040\000p\000a\000r\000\341\000m\000e\000t\000r\000o\000s\000\040\000\363\000p\000t\000i\000m\000o}{subsection.3.1}% 13
\BOOKMARK [1][-]{section.4}{\376\377\000C\000o\000m\000p\000a\000r\000a\000c\000i\000\363\000n\000\040\000d\000e\000\040\000E\000x\000p\000e\000r\000i\000m\000e\000n\000t\000o\000s}{}% 14
\BOOKMARK [2][-]{subsection.4.1}{\376\377\000C\000o\000n\000f\000i\000g\000u\000r\000a\000c\000i\000o\000n\000e\000s}{section.4}% 15
\BOOKMARK [3][-]{subsubsection.4.1.1}{\376\377\000R\000e\000a\000l\000i\000z\000a\000n\000d\000o\000\040\000u\000n\000a\000\040\000c\000o\000m\000p\000a\000r\000a\000c\000i\000\363\000n\000\040\000d\000e\000\040\000e\000x\000p\000e\000r\000i\000m\000e\000n\000t\000o\000s}{subsection.4.1}% 16
\BOOKMARK [1][-]{section.5}{\376\377\000V\000i\000s\000u\000a\000l\000i\000z\000a\000c\000i\000\363\000n\000\040\000g\000e\000n\000e\000r\000a\000l\000\040\000d\000e\000\040\000R\000e\000s\000u\000l\000t\000a\000d\000o\000s}{}% 17
\BOOKMARK [2][-]{subsection.5.1}{\376\377\000M\000e\000n\000\372\000\040\000p\000r\000i\000n\000c\000i\000p\000a\000l}{section.5}% 18
\BOOKMARK [2][-]{subsection.5.2}{\376\377\000M\000e\000n\000\372\000\040\000d\000e\000\040\000a\000j\000u\000s\000t\000e\000\040\000d\000e\000\040\000p\000a\000r\000\341\000m\000e\000t\000r\000o\000s}{section.5}% 19
\BOOKMARK [1][-]{section.6}{\376\377\000A\000c\000e\000r\000c\000a\000\040\000d\000e}{}% 20
\BOOKMARK [1][-]{section.7}{\376\377\000R\000e\000c\000o\000m\000e\000n\000d\000a\000c\000i\000o\000n\000e\000s\000\040\000d\000e\000\040\000u\000s\000o}{}% 21
